<!DOCTYPE suite SYSTEM "http://testng.org/testng-1.0.dtd">
<suite name="QAF Demo" verbose="0">

	<test name="BDD Test" enabled="true">
	<parameter name="step.provider.pkg" value="com.qaf.testng.example"></parameter>
	<parameter name="scenario.file.loc" value="scenarios/suite.bdd"></parameter>
		<classes>
			<class
				name="com.qmetry.qaf.automation.step.client.text.BDDTestFactory" />
		</classes>
	</test>

</suite>
