<?xml version="1.0" encoding="UTF-8"?>
<!-- Generated by org.testng.reporters.JUnitReportReporter -->
<testsuite hostname="LAPTOP-00QQI336" name="com.qaf.testng.example.MultiplyTest" tests="1" failures="0" timestamp="15 May 2021 14:59:50 GMT" time="0.015" errors="0">
  <testcase name="dummyTest" time="0.015" classname="com.qaf.testng.example.MultiplyTest"/>
</testsuite> <!-- com.qaf.testng.example.MultiplyTest -->
