<?xml version="1.0" encoding="UTF-8"?>
<!-- Generated by org.testng.reporters.JUnitReportReporter -->
<testsuite hostname="LAPTOP-00QQI336" name="com.qmetry.qaf.automation.step.client.Scenario" tests="1" failures="0" timestamp="15 May 2021 15:00:31 GMT" time="0.151" errors="0">
  <testcase name="QAF TestNG Demo" time="0.151" classname="com.qmetry.qaf.automation.step.client.Scenario"/>
</testsuite> <!-- com.qmetry.qaf.automation.step.client.Scenario -->
